<?xml version="1.0" encoding="UTF-8"?>
<testng-results skipped="0" failed="0" total="1" passed="1">
  <reporter-output>
  </reporter-output>
  <suite name="Surefire suite" duration-ms="22" started-at="2018-07-11T05:08:46Z" finished-at="2018-07-11T05:08:46Z">
    <groups>
    </groups>
    <test name="Surefire test" duration-ms="22" started-at="2018-07-11T05:08:46Z" finished-at="2018-07-11T05:08:46Z">
      <class name="TestNg.TestNgSample.AppTest">
        <test-method status="PASS" signature="testApp()[pri:0, instance:testApp(TestNg.TestNgSample.AppTest)]" name="testApp" duration-ms="7" started-at="2018-07-11T10:38:46Z" finished-at="2018-07-11T10:38:46Z">
          <reporter-output>
          </reporter-output>
        </test-method> <!-- testApp -->
      </class> <!-- TestNg.TestNgSample.AppTest -->
    </test> <!-- Surefire test -->
  </suite> <!-- Surefire suite -->
</testng-results>
